Utilisation des paramètres de lancement à partir de C:\Users\Corentin\Desktop\TFE-2025\Back\Dior.Service.Host\Properties\launchSettings.json...
Génération...
dbug: Microsoft.Extensions.Hosting.Internal.Host[1]
      Hosting starting
info: Microsoft.AspNetCore.DataProtection.KeyManagement.XmlKeyManager[63]
      User profile is available. Using 'C:\Users\Corentin\AppData\Local\ASP.NET\DataProtection-Keys' as key repository and Windows DPAPI to encrypt keys at rest.
warn: Microsoft.AspNetCore.Server.Kestrel[0]
      Overriding address(es) 'https://localhost:5001, http://localhost:5201'. Binding to endpoints defined via IConfiguration and/or UseKestrel() instead.
info: Microsoft.Hosting.Lifetime[14]
      Now listening on: http://localhost:5000
info: Microsoft.Hosting.Lifetime[14]
      Now listening on: https://localhost:5001
info: Microsoft.Hosting.Lifetime[0]
      Application started. Press Ctrl+C to shut down.
info: Microsoft.Hosting.Lifetime[0]
      Hosting environment: Development
info: Microsoft.Hosting.Lifetime[0]
      Content root path: C:\Users\Corentin\Desktop\TFE-2025\Back\Dior.Service.Host
dbug: Microsoft.Extensions.Hosting.Internal.Host[2]
      Hosting started
info: Microsoft.AspNetCore.Hosting.Diagnostics[1]
      Request starting HTTP/1.1 GET http://localhost:5000/ - - -
info: Microsoft.AspNetCore.Hosting.Diagnostics[2]
      Request finished HTTP/1.1 GET http://localhost:5000/ - 307 0 - 32.0576ms
info: Microsoft.AspNetCore.Hosting.Diagnostics[1]
      Request starting HTTP/1.1 GET https://localhost:5001/ - - -
info: Microsoft.AspNetCore.Routing.EndpointMiddleware[0]
      Executing endpoint 'HTTP: GET /'
info: Microsoft.AspNetCore.Http.Result.RedirectResult[1]
      Executing RedirectResult, redirecting to /swagger.
info: Microsoft.AspNetCore.Routing.EndpointMiddleware[1]
      Executed endpoint 'HTTP: GET /'
info: Microsoft.AspNetCore.Hosting.Diagnostics[2]
      Request finished HTTP/1.1 GET https://localhost:5001/ - 302 0 - 21.5632ms
info: Microsoft.AspNetCore.Hosting.Diagnostics[1]
      Request starting HTTP/1.1 GET https://localhost:5001/swagger - - -
info: Microsoft.AspNetCore.Hosting.Diagnostics[2]
      Request finished HTTP/1.1 GET https://localhost:5001/swagger - 301 0 - 2.8732ms
info: Microsoft.AspNetCore.Hosting.Diagnostics[1]
      Request starting HTTP/1.1 GET https://localhost:5001/swagger/index.html - - -
info: Microsoft.AspNetCore.Hosting.Diagnostics[2]
      Request finished HTTP/1.1 GET https://localhost:5001/swagger/index.html - 200 - text/html;charset=utf-8 24.2077ms
info: Microsoft.AspNetCore.Hosting.Diagnostics[1]
      Request starting HTTP/1.1 POST http://localhost:5000/api/auth/login - application/json 61
info: Microsoft.AspNetCore.Hosting.Diagnostics[2]
      Request finished HTTP/1.1 POST http://localhost:5000/api/auth/login - 307 0 - 1.7174ms
info: Microsoft.AspNetCore.Hosting.Diagnostics[1]
      Request starting HTTP/1.1 POST https://localhost:5001/api/auth/login - application/json 61
info: Microsoft.AspNetCore.Routing.EndpointMiddleware[0]
      Executing endpoint 'Dior.Service.Host.Controllers.AuthController.Login (Dior.Service.Host)'
info: Microsoft.AspNetCore.Mvc.Infrastructure.ControllerActionInvoker[102]
      Route matched with {action = "Login", controller = "Auth"}. Executing controller action with signature System.Threading.Tasks.Task`1[Microsoft.AspNetCore.Mvc.IActionResult] Login(Dior.Library.DTO.Auth.LoginRequestDto) on controller Dior.Service.Host.Controllers.AuthController (Dior.Service.Host).
info: Microsoft.AspNetCore.Mvc.Infrastructure.ObjectResultExecutor[1]
      Executing UnauthorizedObjectResult, writing value of type 'System.String'.
info: Microsoft.AspNetCore.Mvc.Infrastructure.ControllerActionInvoker[105]
      Executed action Dior.Service.Host.Controllers.AuthController.Login (Dior.Service.Host) in 243.7305ms
info: Microsoft.AspNetCore.Routing.EndpointMiddleware[1]
      Executed endpoint 'Dior.Service.Host.Controllers.AuthController.Login (Dior.Service.Host)'
info: Microsoft.AspNetCore.Hosting.Diagnostics[2]
      Request finished HTTP/1.1 POST https://localhost:5001/api/auth/login - 401 - application/json;+charset=utf-8 261.8093ms
info: Microsoft.AspNetCore.Hosting.Diagnostics[1]
      Request starting HTTP/1.1 POST http://localhost:5000/api/auth/login - application/json 63
info: Microsoft.AspNetCore.Hosting.Diagnostics[2]
      Request finished HTTP/1.1 POST http://localhost:5000/api/auth/login - 307 0 - 1.3660ms
info: Microsoft.AspNetCore.Hosting.Diagnostics[1]
      Request starting HTTP/1.1 POST https://localhost:5001/api/auth/login - application/json 63
info: Microsoft.AspNetCore.Routing.EndpointMiddleware[0]
      Executing endpoint 'Dior.Service.Host.Controllers.AuthController.Login (Dior.Service.Host)'
info: Microsoft.AspNetCore.Mvc.Infrastructure.ControllerActionInvoker[102]
      Route matched with {action = "Login", controller = "Auth"}. Executing controller action with signature System.Threading.Tasks.Task`1[Microsoft.AspNetCore.Mvc.IActionResult] Login(Dior.Library.DTO.Auth.LoginRequestDto) on controller Dior.Service.Host.Controllers.AuthController (Dior.Service.Host).
info: Microsoft.AspNetCore.Mvc.Infrastructure.ObjectResultExecutor[1]
      Executing OkObjectResult, writing value of type 'Dior.Library.DTO.Auth.LoginResponseCompleteDto'.
info: Microsoft.AspNetCore.Mvc.Infrastructure.ControllerActionInvoker[105]
      Executed action Dior.Service.Host.Controllers.AuthController.Login (Dior.Service.Host) in 384.875ms
info: Microsoft.AspNetCore.Routing.EndpointMiddleware[1]
      Executed endpoint 'Dior.Service.Host.Controllers.AuthController.Login (Dior.Service.Host)'
info: Microsoft.AspNetCore.Hosting.Diagnostics[2]
      Request finished HTTP/1.1 POST https://localhost:5001/api/auth/login - 200 - application/json;+charset=utf-8 386.5888ms
info: Microsoft.AspNetCore.Hosting.Diagnostics[1]
      Request starting HTTP/1.1 POST http://localhost:5000/api/auth/login - application/json 58
info: Microsoft.AspNetCore.Hosting.Diagnostics[2]
      Request finished HTTP/1.1 POST http://localhost:5000/api/auth/login - 307 0 - 0.1853ms
info: Microsoft.AspNetCore.Hosting.Diagnostics[1]
      Request starting HTTP/1.1 POST https://localhost:5001/api/auth/login - application/json 58
info: Microsoft.AspNetCore.Routing.EndpointMiddleware[0]
      Executing endpoint 'Dior.Service.Host.Controllers.AuthController.Login (Dior.Service.Host)'
info: Microsoft.AspNetCore.Mvc.Infrastructure.ControllerActionInvoker[102]
      Route matched with {action = "Login", controller = "Auth"}. Executing controller action with signature System.Threading.Tasks.Task`1[Microsoft.AspNetCore.Mvc.IActionResult] Login(Dior.Library.DTO.Auth.LoginRequestDto) on controller Dior.Service.Host.Controllers.AuthController (Dior.Service.Host).
info: Microsoft.AspNetCore.Mvc.Infrastructure.ObjectResultExecutor[1]
      Executing OkObjectResult, writing value of type 'Dior.Library.DTO.Auth.LoginResponseCompleteDto'.
info: Microsoft.AspNetCore.Mvc.Infrastructure.ControllerActionInvoker[105]
      Executed action Dior.Service.Host.Controllers.AuthController.Login (Dior.Service.Host) in 226.847ms
info: Microsoft.AspNetCore.Routing.EndpointMiddleware[1]
      Executed endpoint 'Dior.Service.Host.Controllers.AuthController.Login (Dior.Service.Host)'
info: Microsoft.AspNetCore.Hosting.Diagnostics[2]
      Request finished HTTP/1.1 POST https://localhost:5001/api/auth/login - 200 - application/json;+charset=utf-8 227.1935ms
info: Microsoft.AspNetCore.Hosting.Diagnostics[1]
      Request starting HTTP/1.1 POST http://localhost:5000/api/auth/login - application/json 65
info: Microsoft.AspNetCore.Hosting.Diagnostics[2]
      Request finished HTTP/1.1 POST http://localhost:5000/api/auth/login - 307 0 - 0.1229ms
info: Microsoft.AspNetCore.Hosting.Diagnostics[1]
      Request starting HTTP/1.1 POST https://localhost:5001/api/auth/login - application/json 65
info: Microsoft.AspNetCore.Routing.EndpointMiddleware[0]
      Executing endpoint 'Dior.Service.Host.Controllers.AuthController.Login (Dior.Service.Host)'
info: Microsoft.AspNetCore.Mvc.Infrastructure.ControllerActionInvoker[102]
      Route matched with {action = "Login", controller = "Auth"}. Executing controller action with signature System.Threading.Tasks.Task`1[Microsoft.AspNetCore.Mvc.IActionResult] Login(Dior.Library.DTO.Auth.LoginRequestDto) on controller Dior.Service.Host.Controllers.AuthController (Dior.Service.Host).
info: Microsoft.AspNetCore.Mvc.Infrastructure.ObjectResultExecutor[1]
      Executing OkObjectResult, writing value of type 'Dior.Library.DTO.Auth.LoginResponseCompleteDto'.
info: Microsoft.AspNetCore.Mvc.Infrastructure.ControllerActionInvoker[105]
      Executed action Dior.Service.Host.Controllers.AuthController.Login (Dior.Service.Host) in 227.0459ms
info: Microsoft.AspNetCore.Routing.EndpointMiddleware[1]
      Executed endpoint 'Dior.Service.Host.Controllers.AuthController.Login (Dior.Service.Host)'
info: Microsoft.AspNetCore.Hosting.Diagnostics[2]
      Request finished HTTP/1.1 POST https://localhost:5001/api/auth/login - 200 - application/json;+charset=utf-8 227.3076ms
info: Microsoft.AspNetCore.Hosting.Diagnostics[1]
      Request starting HTTP/1.1 POST http://localhost:5000/api/auth/login - application/json 61
info: Microsoft.AspNetCore.Hosting.Diagnostics[2]
      Request finished HTTP/1.1 POST http://localhost:5000/api/auth/login - 307 0 - 0.1240ms
info: Microsoft.AspNetCore.Hosting.Diagnostics[1]
      Request starting HTTP/1.1 POST https://localhost:5001/api/auth/login - application/json 61
info: Microsoft.AspNetCore.Routing.EndpointMiddleware[0]
      Executing endpoint 'Dior.Service.Host.Controllers.AuthController.Login (Dior.Service.Host)'
info: Microsoft.AspNetCore.Mvc.Infrastructure.ControllerActionInvoker[102]
      Route matched with {action = "Login", controller = "Auth"}. Executing controller action with signature System.Threading.Tasks.Task`1[Microsoft.AspNetCore.Mvc.IActionResult] Login(Dior.Library.DTO.Auth.LoginRequestDto) on controller Dior.Service.Host.Controllers.AuthController (Dior.Service.Host).
info: Microsoft.AspNetCore.Mvc.Infrastructure.ObjectResultExecutor[1]
      Executing UnauthorizedObjectResult, writing value of type 'System.String'.
info: Microsoft.AspNetCore.Mvc.Infrastructure.ControllerActionInvoker[105]
      Executed action Dior.Service.Host.Controllers.AuthController.Login (Dior.Service.Host) in 1.2105ms
info: Microsoft.AspNetCore.Routing.EndpointMiddleware[1]
      Executed endpoint 'Dior.Service.Host.Controllers.AuthController.Login (Dior.Service.Host)'
info: Microsoft.AspNetCore.Hosting.Diagnostics[2]
      Request finished HTTP/1.1 POST https://localhost:5001/api/auth/login - 401 - application/json;+charset=utf-8 1.4751ms
